Time:2019-04-29 08:53:31
内容:[{"id":"13931","ctnno":"TGHU0396814","ctn_size":"20GP","ctn_master":"7","lcl":"F","pre_number":null,"status":"1","operator_id":"54","instruction_id":"4508","overweight":"N","load":null,"cmaster":"MSC","cargo_weight":null,"sealno":null,"lclo":"\u62fc\u7bb1"}]
Time:2019-04-29 08:53:35
内容:[{"id":"13932","ctnno":"MSCU6695088","ctn_size":"20GP","ctn_master":"7","lcl":"F","pre_number":null,"status":"1","operator_id":"54","instruction_id":"4508","overweight":"N","load":null,"cmaster":"MSC","cargo_weight":null,"sealno":null,"lclo":"\u62fc\u7bb1"}]
Time:2019-04-29 08:53:49
内容:[{"id":"13932","ctnno":"MSCU6695088","ctn_size":"20GP","ctn_master":"7","lcl":"F","pre_number":null,"status":"1","operator_id":"54","instruction_id":"4508","overweight":"N","load":null,"cmaster":"MSC","cargo_weight":null,"sealno":null,"lclo":"\u62fc\u7bb1"}]
Time:2019-04-29 09:44:04
内容:[{"id":"13942","ctnno":"BMOU2879570","ctn_size":"20GP","ctn_master":"18","lcl":"F","pre_number":null,"status":"1","operator_id":"53","instruction_id":"4515","overweight":"N","load":null,"cmaster":"HMM","cargo_weight":null,"sealno":null,"lclo":"\u62fc\u7bb1"}]
Time:2019-04-29 09:44:15
内容:[{"id":"13942","ctnno":"BMOU2879570","ctn_size":"20GP","ctn_master":"18","lcl":"F","pre_number":null,"status":"1","operator_id":"53","instruction_id":"4515","overweight":"N","load":null,"cmaster":"HMM","cargo_weight":null,"sealno":null,"lclo":"\u62fc\u7bb1"}]
Time:2019-04-29 09:44:15
内容:[{"id":"13942","ctnno":"BMOU2879570","ctn_size":"20GP","ctn_master":"18","lcl":"F","pre_number":null,"status":"1","operator_id":"53","instruction_id":"4515","overweight":"N","load":null,"cmaster":"HMM","cargo_weight":null,"sealno":null,"lclo":"\u62fc\u7bb1"}]
Time:2019-04-29 09:44:15
内容:[{"id":"13942","ctnno":"BMOU2879570","ctn_size":"20GP","ctn_master":"18","lcl":"F","pre_number":null,"status":"1","operator_id":"53","instruction_id":"4515","overweight":"N","load":null,"cmaster":"HMM","cargo_weight":null,"sealno":null,"lclo":"\u62fc\u7bb1"}]
Time:2019-04-29 09:47:08
内容:[{"id":"13942","ctnno":"BMOU2879570","ctn_size":"20GP","ctn_master":"18","lcl":"F","pre_number":null,"status":"1","operator_id":"53","instruction_id":"4515","overweight":"N","load":null,"cmaster":"HMM","cargo_weight":null,"sealno":null,"lclo":"\u62fc\u7bb1"}]
Time:2019-04-29 09:47:32
内容:[{"id":"13944","ctnno":"MRKU8987912","ctn_size":"20GP","ctn_master":"1","lcl":"F","pre_number":"20","status":"1","operator_id":"53","instruction_id":"4519","overweight":"N","load":null,"cmaster":"\u9a6c\u58eb\u57fa","cargo_weight":null,"sealno":null,"lclo":"\u62fc\u7bb1"}]
Time:2019-04-29 09:47:32
内容:[{"id":"13944","ctnno":"MRKU8987912","ctn_size":"20GP","ctn_master":"1","lcl":"F","pre_number":"20","status":"1","operator_id":"53","instruction_id":"4519","overweight":"N","load":null,"cmaster":"\u9a6c\u58eb\u57fa","cargo_weight":null,"sealno":null,"lclo":"\u62fc\u7bb1"}]
Time:2019-04-29 09:47:38
内容:[{"id":"13942","ctnno":"BMOU2879570","ctn_size":"20GP","ctn_master":"18","lcl":"F","pre_number":null,"status":"1","operator_id":"53","instruction_id":"4515","overweight":"N","load":null,"cmaster":"HMM","cargo_weight":null,"sealno":null,"lclo":"\u62fc\u7bb1"}]
Time:2019-04-29 09:47:47
内容:[{"id":"13942","ctnno":"BMOU2879570","ctn_size":"20GP","ctn_master":"18","lcl":"F","pre_number":null,"status":"1","operator_id":"53","instruction_id":"4515","overweight":"N","load":null,"cmaster":"HMM","cargo_weight":null,"sealno":null,"lclo":"\u62fc\u7bb1"}]
Time:2019-04-29 09:48:48
内容:[{"id":"13942","ctnno":"BMOU2879570","ctn_size":"20GP","ctn_master":"18","lcl":"F","pre_number":null,"status":"1","operator_id":"53","instruction_id":"4515","overweight":"N","load":null,"cmaster":"HMM","cargo_weight":null,"sealno":null,"lclo":"\u62fc\u7bb1"}]
Time:2019-04-29 09:48:49
内容:[{"id":"13942","ctnno":"BMOU2879570","ctn_size":"20GP","ctn_master":"18","lcl":"F","pre_number":null,"status":"1","operator_id":"53","instruction_id":"4515","overweight":"N","load":null,"cmaster":"HMM","cargo_weight":null,"sealno":null,"lclo":"\u62fc\u7bb1"}]
Time:2019-04-29 09:49:24
内容:[{"id":"13942","ctnno":"BMOU2879570","ctn_size":"20GP","ctn_master":"18","lcl":"F","pre_number":null,"status":"1","operator_id":"53","instruction_id":"4515","overweight":"N","load":null,"cmaster":"HMM","cargo_weight":null,"sealno":null,"lclo":"\u62fc\u7bb1"}]
Time:2019-04-29 13:11:39
内容:[{"id":"13925","ctnno":"BSIU2799336","ctn_size":"20GP","ctn_master":"22","lcl":"F","pre_number":null,"status":"1","operator_id":"53","instruction_id":"4503","overweight":"N","load":null,"cmaster":"HLC","cargo_weight":"20000","sealno":null,"lclo":"\u62fc\u7bb1"}]
Time:2019-04-29 13:30:25
内容:[{"id":"13919","ctnno":"FCIU9266727","ctn_size":"40HC","ctn_master":"7","lcl":"F","pre_number":null,"status":"1","operator_id":"53","instruction_id":"4501","overweight":"N","load":null,"cmaster":"MSC","cargo_weight":"20000","sealno":null,"lclo":"\u62fc\u7bb1"}]
Time:2019-04-29 13:32:07
内容:[{"id":"13922","ctnno":"TRLU7199782","ctn_size":"40HC","ctn_master":"7","lcl":"F","pre_number":null,"status":"1","operator_id":"53","instruction_id":"4501","overweight":"N","load":null,"cmaster":"MSC","cargo_weight":"20000","sealno":null,"lclo":"\u62fc\u7bb1"}]
Time:2019-04-29 13:32:52
内容:[{"id":"13915","ctnno":"AMFU8882341","ctn_size":"40HC","ctn_master":"7","lcl":"F","pre_number":null,"status":"1","operator_id":"53","instruction_id":"4501","overweight":"N","load":null,"cmaster":"MSC","cargo_weight":"2000","sealno":null,"lclo":"\u62fc\u7bb1"}]
Time:2019-04-29 13:35:13
内容:[{"id":"13920","ctnno":"MEDU7834760","ctn_size":"40HC","ctn_master":"7","lcl":"F","pre_number":null,"status":"1","operator_id":"53","instruction_id":"4501","overweight":"N","load":null,"cmaster":"MSC","cargo_weight":"20000","sealno":null,"lclo":"\u62fc\u7bb1"}]
Time:2019-04-29 13:36:00
内容:[{"id":"13918","ctnno":"CAXU9657788","ctn_size":"40HC","ctn_master":"7","lcl":"F","pre_number":null,"status":"1","operator_id":"53","instruction_id":"4501","overweight":"N","load":null,"cmaster":"MSC","cargo_weight":"20000","sealno":null,"lclo":"\u62fc\u7bb1"}]
Time:2019-04-29 13:36:35
内容:[{"id":"13917","ctnno":"CAIU7762524","ctn_size":"40HC","ctn_master":"7","lcl":"F","pre_number":null,"status":"1","operator_id":"53","instruction_id":"4501","overweight":"N","load":null,"cmaster":"MSC","cargo_weight":"20000","sealno":null,"lclo":"\u62fc\u7bb1"}]
Time:2019-04-29 13:36:39
内容:[{"id":"13917","ctnno":"CAIU7762524","ctn_size":"40HC","ctn_master":"7","lcl":"F","pre_number":null,"status":"1","operator_id":"53","instruction_id":"4501","overweight":"N","load":null,"cmaster":"MSC","cargo_weight":"20000","sealno":null,"lclo":"\u62fc\u7bb1"}]
Time:2019-04-29 13:56:28
内容:[{"id":"13932","ctnno":"MSCU6695088","ctn_size":"20GP","ctn_master":"7","lcl":"F","pre_number":null,"status":"1","operator_id":"54","instruction_id":"4508","overweight":"N","load":null,"cmaster":"MSC","cargo_weight":null,"sealno":null,"lclo":"\u62fc\u7bb1"}]
Time:2019-04-29 13:56:29
内容:[{"id":"13943","ctnno":"HJMU2908788","ctn_size":"20GP","ctn_master":"23","lcl":"F","pre_number":null,"status":"1","operator_id":"53","instruction_id":"4516","overweight":"N","load":null,"cmaster":"CMZ","cargo_weight":null,"sealno":null,"lclo":"\u62fc\u7bb1"}]
Time:2019-04-29 13:58:25
内容:[{"id":"13943","ctnno":"HJMU2908788","ctn_size":"20GP","ctn_master":"23","lcl":"F","pre_number":null,"status":"1","operator_id":"53","instruction_id":"4516","overweight":"N","load":null,"cmaster":"CMZ","cargo_weight":null,"sealno":null,"lclo":"\u62fc\u7bb1"}]
Time:2019-04-29 15:39:59
内容:[{"id":"13931","ctnno":"TGHU0396814","ctn_size":"20GP","ctn_master":"7","lcl":"F","pre_number":null,"status":"1","operator_id":"54","instruction_id":"4508","overweight":"N","load":null,"cmaster":"MSC","cargo_weight":null,"sealno":null,"lclo":"\u62fc\u7bb1"}]
Time:2019-04-29 15:54:52
内容:[{"id":"13935","ctnno":"SNBU2253603","ctn_size":"20GP","ctn_master":"53","lcl":"F","pre_number":null,"status":"1","operator_id":"54","instruction_id":"4511","overweight":"N","load":null,"cmaster":"JSU","cargo_weight":null,"sealno":null,"lclo":"\u62fc\u7bb1"}]
Time:2019-04-29 16:39:53
内容:[{"id":"13957","ctnno":"TCNU4761030","ctn_size":"40HC","ctn_master":"23","lcl":"F","pre_number":"0","status":"1","operator_id":"53","instruction_id":"4523","overweight":"N","load":null,"cmaster":"CMZ","cargo_weight":null,"sealno":null,"lclo":"\u62fc\u7bb1"}]
Time:2019-04-29 16:40:01
内容:[{"id":"13956","ctnno":"CMAU1437941","ctn_size":"20GP","ctn_master":"23","lcl":"F","pre_number":"0","status":"1","operator_id":"54","instruction_id":"4512","overweight":"N","load":null,"cmaster":"CMZ","cargo_weight":null,"sealno":null,"lclo":"\u62fc\u7bb1"}]
