Time:2019-04-27 00:23:27
内容:[{"id":"13846","ctnno":"TCLU2468787","ctn_size":"20GP","ctn_master":"1","lcl":"F","pre_number":"0","status":"1","operator_id":"11","instruction_id":"4482","overweight":"N","load":null,"cmaster":"\u9a6c\u58eb\u57fa","cargo_weight":null,"sealno":null,"lclo":"\u62fc\u7bb1"}]
Time:2019-04-27 08:03:03
内容:[{"id":"13788","ctnno":"TEMU3356177","ctn_size":"20GP","ctn_master":"23","lcl":"F","pre_number":null,"status":"1","operator_id":"58","instruction_id":"4467","overweight":"N","load":null,"cmaster":"CMZ","cargo_weight":null,"sealno":null,"lclo":"\u62fc\u7bb1"}]
Time:2019-04-27 08:36:59
内容:[{"id":"13817","ctnno":"MSKU3138067","ctn_size":"20GP","ctn_master":"1","lcl":"F","pre_number":"0","status":"1","operator_id":"53","instruction_id":"4474","overweight":"N","load":null,"cmaster":"\u9a6c\u58eb\u57fa","cargo_weight":null,"sealno":null,"lclo":"\u62fc\u7bb1"}]
Time:2019-04-27 09:37:07
内容:[{"id":"13796","ctnno":"TRLU9070243","ctn_size":"20GP","ctn_master":"23","lcl":"F","pre_number":null,"status":"1","operator_id":"58","instruction_id":"4467","overweight":"N","load":null,"cmaster":"CMZ","cargo_weight":null,"sealno":null,"lclo":"\u62fc\u7bb1"}]
Time:2019-04-27 09:37:41
内容:[{"id":"13814","ctnno":"HASU1436799","ctn_size":"20GP","ctn_master":"1","lcl":"F","pre_number":"0","status":"1","operator_id":"53","instruction_id":"4474","overweight":"N","load":null,"cmaster":"\u9a6c\u58eb\u57fa","cargo_weight":null,"sealno":null,"lclo":"\u62fc\u7bb1"}]
Time:2019-04-27 09:43:29
内容:[{"id":"13875","ctnno":"MSCU3548083","ctn_size":"20GP","ctn_master":"7","lcl":"F","pre_number":null,"status":"1","operator_id":"47","instruction_id":"4492","overweight":"N","load":null,"cmaster":"MSC","cargo_weight":null,"sealno":null,"lclo":"\u62fc\u7bb1"}]
Time:2019-04-27 10:25:34
内容:[{"id":"13856","ctnno":"TEMU3569830","ctn_size":"20GP","ctn_master":"3","lcl":"F","pre_number":"0","status":"1","operator_id":"53","instruction_id":"4471","overweight":"N","load":null,"cmaster":"COSCO","cargo_weight":null,"sealno":null,"lclo":"\u62fc\u7bb1"}]
Time:2019-04-27 10:25:34
内容:[{"id":"13856","ctnno":"TEMU3569830","ctn_size":"20GP","ctn_master":"3","lcl":"F","pre_number":"0","status":"1","operator_id":"53","instruction_id":"4471","overweight":"N","load":null,"cmaster":"COSCO","cargo_weight":null,"sealno":null,"lclo":"\u62fc\u7bb1"}]
Time:2019-04-27 11:04:26
内容:[{"id":"13872","ctnno":"MEDU6083577","ctn_size":"20GP","ctn_master":"7","lcl":"F","pre_number":null,"status":"1","operator_id":"47","instruction_id":"4492","overweight":"N","load":null,"cmaster":"MSC","cargo_weight":null,"sealno":null,"lclo":"\u62fc\u7bb1"}]
Time:2019-04-27 13:07:36
内容:[{"id":"13852","ctnno":"CMAU3059516","ctn_size":"20GP","ctn_master":"59","lcl":"F","pre_number":null,"status":"1","operator_id":"53","instruction_id":"4490","overweight":"N","load":null,"cmaster":"cmc","cargo_weight":null,"sealno":null,"lclo":"\u62fc\u7bb1"}]
Time:2019-04-27 13:24:09
内容:[{"id":"13853","ctnno":"CMAU3165966","ctn_size":"20GP","ctn_master":"59","lcl":"F","pre_number":null,"status":"1","operator_id":"53","instruction_id":"4490","overweight":"N","load":null,"cmaster":"cmc","cargo_weight":null,"sealno":null,"lclo":"\u62fc\u7bb1"}]
Time:2019-04-27 13:24:14
内容:[{"id":"13853","ctnno":"CMAU3165966","ctn_size":"20GP","ctn_master":"59","lcl":"F","pre_number":null,"status":"1","operator_id":"53","instruction_id":"4490","overweight":"N","load":null,"cmaster":"cmc","cargo_weight":null,"sealno":null,"lclo":"\u62fc\u7bb1"}]
Time:2019-04-27 13:24:14
内容:[{"id":"13853","ctnno":"CMAU3165966","ctn_size":"20GP","ctn_master":"59","lcl":"F","pre_number":null,"status":"1","operator_id":"53","instruction_id":"4490","overweight":"N","load":null,"cmaster":"cmc","cargo_weight":null,"sealno":null,"lclo":"\u62fc\u7bb1"}]
Time:2019-04-27 13:24:14
内容:[{"id":"13853","ctnno":"CMAU3165966","ctn_size":"20GP","ctn_master":"59","lcl":"F","pre_number":null,"status":"1","operator_id":"53","instruction_id":"4490","overweight":"N","load":null,"cmaster":"cmc","cargo_weight":null,"sealno":null,"lclo":"\u62fc\u7bb1"}]
Time:2019-04-27 13:24:15
内容:[{"id":"13853","ctnno":"CMAU3165966","ctn_size":"20GP","ctn_master":"59","lcl":"F","pre_number":null,"status":"1","operator_id":"53","instruction_id":"4490","overweight":"N","load":null,"cmaster":"cmc","cargo_weight":null,"sealno":null,"lclo":"\u62fc\u7bb1"}]
Time:2019-04-27 16:20:12
内容:[{"id":"13868","ctnno":"MEDU2389907","ctn_size":"20GP","ctn_master":"7","lcl":"F","pre_number":null,"status":"1","operator_id":"47","instruction_id":"4492","overweight":"N","load":null,"cmaster":"MSC","cargo_weight":null,"sealno":null,"lclo":"\u62fc\u7bb1"}]
Time:2019-04-27 16:30:46
内容:[{"id":"13876","ctnno":"MSCU6361286","ctn_size":"20GP","ctn_master":"7","lcl":"F","pre_number":null,"status":"1","operator_id":"47","instruction_id":"4492","overweight":"N","load":null,"cmaster":"MSC","cargo_weight":"26400","sealno":null,"lclo":"\u62fc\u7bb1"}]
Time:2019-04-27 16:37:57
内容:[{"id":"13864","ctnno":"FSCU3576283","ctn_size":"20GP","ctn_master":"7","lcl":"F","pre_number":null,"status":"1","operator_id":"47","instruction_id":"4492","overweight":"N","load":null,"cmaster":"MSC","cargo_weight":null,"sealno":null,"lclo":"\u62fc\u7bb1"}]
Time:2019-04-27 16:39:05
内容:[{"id":"13878","ctnno":"TRLU8922577","ctn_size":"20GP","ctn_master":"7","lcl":"F","pre_number":null,"status":"1","operator_id":"47","instruction_id":"4492","overweight":"N","load":null,"cmaster":"MSC","cargo_weight":null,"sealno":null,"lclo":"\u62fc\u7bb1"}]
Time:2019-04-27 17:12:38
内容:[{"id":"13853","ctnno":"CMAU3165966","ctn_size":"20GP","ctn_master":"59","lcl":"F","pre_number":null,"status":"1","operator_id":"53","instruction_id":"4490","overweight":"N","load":null,"cmaster":"cmc","cargo_weight":null,"sealno":null,"lclo":"\u62fc\u7bb1"}]
Time:2019-04-27 19:47:58
内容:[{"id":"13848","ctnno":"MRKU7166424","ctn_size":"20GP","ctn_master":"1","lcl":"F","pre_number":"0","status":"1","operator_id":"49","instruction_id":"4482","overweight":"N","load":null,"cmaster":"\u9a6c\u58eb\u57fa","cargo_weight":null,"sealno":null,"lclo":"\u62fc\u7bb1"}]
Time:2019-04-27 19:48:00
内容:[{"id":"13847","ctnno":"SUDU7950771","ctn_size":"20GP","ctn_master":"1","lcl":"F","pre_number":"0","status":"1","operator_id":"49","instruction_id":"4482","overweight":"N","load":null,"cmaster":"\u9a6c\u58eb\u57fa","cargo_weight":null,"sealno":null,"lclo":"\u62fc\u7bb1"}]
Time:2019-04-27 20:18:04
内容:[{"id":"13891","ctnno":"MSCU6065812","ctn_size":"20GP","ctn_master":"7","lcl":"F","pre_number":null,"status":"1","operator_id":"4","instruction_id":"4492","overweight":"N","load":null,"cmaster":"MSC","cargo_weight":null,"sealno":null,"lclo":"\u62fc\u7bb1"}]
Time:2019-04-27 20:56:06
内容:[{"id":"13885","ctnno":"MEDU2621680","ctn_size":"20GP","ctn_master":"7","lcl":"F","pre_number":null,"status":"1","operator_id":"4","instruction_id":"4492","overweight":"N","load":null,"cmaster":"MSC","cargo_weight":null,"sealno":null,"lclo":"\u62fc\u7bb1"}]
Time:2019-04-27 21:27:20
内容:[{"id":"13848","ctnno":"MRKU7166424","ctn_size":"20GP","ctn_master":"1","lcl":"F","pre_number":"0","status":"1","operator_id":"49","instruction_id":"4482","overweight":"N","load":null,"cmaster":"\u9a6c\u58eb\u57fa","cargo_weight":null,"sealno":null,"lclo":"\u62fc\u7bb1"}]
Time:2019-04-27 22:40:09
内容:[{"id":"13884","ctnno":"MEDU2546293","ctn_size":"20GP","ctn_master":"7","lcl":"F","pre_number":null,"status":"1","operator_id":"4","instruction_id":"4492","overweight":"N","load":null,"cmaster":"MSC","cargo_weight":null,"sealno":null,"lclo":"\u62fc\u7bb1"}]
Time:2019-04-27 22:54:19
内容:[{"id":"13863","ctnno":"GESU3723733","ctn_size":"20GP","ctn_master":"7","lcl":"F","pre_number":null,"status":"1","operator_id":"4","instruction_id":"4492","overweight":"N","load":null,"cmaster":"MSC","cargo_weight":null,"sealno":null,"lclo":"\u62fc\u7bb1"}]
Time:2019-04-27 22:54:30
内容:[{"id":"13863","ctnno":"GESU3723733","ctn_size":"20GP","ctn_master":"7","lcl":"F","pre_number":null,"status":"1","operator_id":"4","instruction_id":"4492","overweight":"N","load":null,"cmaster":"MSC","cargo_weight":null,"sealno":null,"lclo":"\u62fc\u7bb1"}]
Time:2019-04-27 22:56:32
内容:[{"id":"13863","ctnno":"GESU3723733","ctn_size":"20GP","ctn_master":"7","lcl":"F","pre_number":null,"status":"1","operator_id":"4","instruction_id":"4492","overweight":"N","load":null,"cmaster":"MSC","cargo_weight":null,"sealno":null,"lclo":"\u62fc\u7bb1"}]
Time:2019-04-27 22:56:42
内容:[{"id":"13863","ctnno":"GESU3723733","ctn_size":"20GP","ctn_master":"7","lcl":"F","pre_number":null,"status":"1","operator_id":"4","instruction_id":"4492","overweight":"N","load":null,"cmaster":"MSC","cargo_weight":null,"sealno":null,"lclo":"\u62fc\u7bb1"}]
Time:2019-04-27 22:56:42
内容:[{"id":"13863","ctnno":"GESU3723733","ctn_size":"20GP","ctn_master":"7","lcl":"F","pre_number":null,"status":"1","operator_id":"4","instruction_id":"4492","overweight":"N","load":null,"cmaster":"MSC","cargo_weight":null,"sealno":null,"lclo":"\u62fc\u7bb1"}]
Time:2019-04-27 22:58:41
内容:[{"id":"13863","ctnno":"GESU3723733","ctn_size":"20GP","ctn_master":"7","lcl":"F","pre_number":null,"status":"1","operator_id":"4","instruction_id":"4492","overweight":"N","load":null,"cmaster":"MSC","cargo_weight":null,"sealno":null,"lclo":"\u62fc\u7bb1"}]
