Time:2019-04-26 09:07:15
内容:[{"id":"13823","ctnno":"PCIU1886465","ctn_size":"20GP","ctn_master":"4","lcl":"F","pre_number":"0","status":"1","operator_id":"54","instruction_id":"4478","overweight":"N","load":null,"cmaster":"\u592a\u5e73","cargo_weight":null,"sealno":null,"lclo":"\u62fc\u7bb1"}]
Time:2019-04-26 09:17:17
内容:[{"id":"13813","ctnno":"MEDU2768623","ctn_size":"20GP","ctn_master":"7","lcl":"F","pre_number":null,"status":"1","operator_id":"45","instruction_id":"4472","overweight":"N","load":null,"cmaster":"MSC","cargo_weight":null,"sealno":null,"lclo":"\u62fc\u7bb1"}]
Time:2019-04-26 09:39:48
内容:[{"id":"13813","ctnno":"MEDU2768623","ctn_size":"20GP","ctn_master":"7","lcl":"F","pre_number":null,"status":"1","operator_id":"45","instruction_id":"4472","overweight":"N","load":null,"cmaster":"MSC","cargo_weight":null,"sealno":null,"lclo":"\u62fc\u7bb1"}]
Time:2019-04-26 10:25:31
内容:[{"id":"13791","ctnno":"GLDU9592616","ctn_size":"20GP","ctn_master":"23","lcl":"F","pre_number":null,"status":"1","operator_id":"59","instruction_id":"4467","overweight":"N","load":null,"cmaster":"CMZ","cargo_weight":null,"sealno":null,"lclo":"\u62fc\u7bb1"}]
Time:2019-04-26 10:37:15
内容:[{"id":"13830","ctnno":"TRLU3893820","ctn_size":"20GP","ctn_master":"23","lcl":"F","pre_number":"0","status":"1","operator_id":"2","instruction_id":"4468","overweight":"N","load":null,"cmaster":"CMZ","cargo_weight":null,"sealno":null,"lclo":"\u62fc\u7bb1"}]
Time:2019-04-26 17:44:20
内容:[{"id":"13819","ctnno":"MSKU7324861","ctn_size":"20GP","ctn_master":"1","lcl":"F","pre_number":"0","status":"1","operator_id":"45","instruction_id":"4474","overweight":"N","load":null,"cmaster":"\u9a6c\u58eb\u57fa","cargo_weight":null,"sealno":null,"lclo":"\u62fc\u7bb1"}]
Time:2019-04-26 17:44:20
内容:[{"id":"13819","ctnno":"MSKU7324861","ctn_size":"20GP","ctn_master":"1","lcl":"F","pre_number":"0","status":"1","operator_id":"45","instruction_id":"4474","overweight":"N","load":null,"cmaster":"\u9a6c\u58eb\u57fa","cargo_weight":null,"sealno":null,"lclo":"\u62fc\u7bb1"}]
Time:2019-04-26 17:44:23
内容:[{"id":"13818","ctnno":"MSKU5731596","ctn_size":"20GP","ctn_master":"1","lcl":"F","pre_number":"0","status":"1","operator_id":"45","instruction_id":"4474","overweight":"N","load":null,"cmaster":"\u9a6c\u58eb\u57fa","cargo_weight":null,"sealno":null,"lclo":"\u62fc\u7bb1"}]
Time:2019-04-26 17:44:24
内容:[{"id":"13817","ctnno":"MSKU3138067","ctn_size":"20GP","ctn_master":"1","lcl":"F","pre_number":"0","status":"1","operator_id":"45","instruction_id":"4474","overweight":"N","load":null,"cmaster":"\u9a6c\u58eb\u57fa","cargo_weight":null,"sealno":null,"lclo":"\u62fc\u7bb1"}]
Time:2019-04-26 17:44:31
内容:[{"id":"13817","ctnno":"MSKU3138067","ctn_size":"20GP","ctn_master":"1","lcl":"F","pre_number":"0","status":"1","operator_id":"45","instruction_id":"4474","overweight":"N","load":null,"cmaster":"\u9a6c\u58eb\u57fa","cargo_weight":null,"sealno":null,"lclo":"\u62fc\u7bb1"}]
Time:2019-04-26 17:44:33
内容:[{"id":"13816","ctnno":"MSKU2759584","ctn_size":"20GP","ctn_master":"1","lcl":"F","pre_number":"0","status":"1","operator_id":"45","instruction_id":"4474","overweight":"N","load":null,"cmaster":"\u9a6c\u58eb\u57fa","cargo_weight":null,"sealno":null,"lclo":"\u62fc\u7bb1"}]
Time:2019-04-26 17:44:39
内容:[{"id":"13815","ctnno":"MSKU2683730","ctn_size":"20GP","ctn_master":"1","lcl":"F","pre_number":"0","status":"1","operator_id":"45","instruction_id":"4474","overweight":"N","load":null,"cmaster":"\u9a6c\u58eb\u57fa","cargo_weight":null,"sealno":null,"lclo":"\u62fc\u7bb1"}]
Time:2019-04-26 17:44:41
内容:[{"id":"13814","ctnno":"HASU1436799","ctn_size":"20GP","ctn_master":"1","lcl":"F","pre_number":"0","status":"1","operator_id":"45","instruction_id":"4474","overweight":"N","load":null,"cmaster":"\u9a6c\u58eb\u57fa","cargo_weight":null,"sealno":null,"lclo":"\u62fc\u7bb1"}]
Time:2019-04-26 17:44:43
内容:[{"id":"13778","ctnno":"CSLU1172964","ctn_size":"20GP","ctn_master":"3","lcl":"F","pre_number":null,"status":"1","operator_id":"45","instruction_id":"4462","overweight":"N","load":null,"cmaster":"COSCO","cargo_weight":null,"sealno":null,"lclo":"\u62fc\u7bb1"}]
Time:2019-04-26 17:53:08
内容:[{"id":"13819","ctnno":"MSKU7324861","ctn_size":"20GP","ctn_master":"1","lcl":"F","pre_number":"0","status":"1","operator_id":"45","instruction_id":"4474","overweight":"N","load":null,"cmaster":"\u9a6c\u58eb\u57fa","cargo_weight":null,"sealno":null,"lclo":"\u62fc\u7bb1"}]
Time:2019-04-26 17:53:17
内容:[{"id":"13817","ctnno":"MSKU3138067","ctn_size":"20GP","ctn_master":"1","lcl":"F","pre_number":"0","status":"1","operator_id":"45","instruction_id":"4474","overweight":"N","load":null,"cmaster":"\u9a6c\u58eb\u57fa","cargo_weight":null,"sealno":null,"lclo":"\u62fc\u7bb1"}]
Time:2019-04-26 22:09:26
内容:[{"id":"13806","ctnno":"TEMU2265149","ctn_size":"20GP","ctn_master":"23","lcl":"F","pre_number":null,"status":"1","operator_id":"39","instruction_id":"4468","overweight":"N","load":null,"cmaster":"CMZ","cargo_weight":null,"sealno":null,"lclo":"\u62fc\u7bb1"}]
Time:2019-04-26 22:10:10
内容:[{"id":"13806","ctnno":"TEMU2265149","ctn_size":"20GP","ctn_master":"23","lcl":"F","pre_number":null,"status":"1","operator_id":"39","instruction_id":"4468","overweight":"N","load":null,"cmaster":"CMZ","cargo_weight":null,"sealno":null,"lclo":"\u62fc\u7bb1"}]
Time:2019-04-26 22:21:38
内容:[{"id":"13809","ctnno":"APZU3705797","ctn_size":"20GP","ctn_master":"23","lcl":"F","pre_number":null,"status":"1","operator_id":"39","instruction_id":"4468","overweight":"N","load":null,"cmaster":"CMZ","cargo_weight":null,"sealno":null,"lclo":"\u62fc\u7bb1"}]
Time:2019-04-26 22:21:40
内容:[{"id":"13805","ctnno":"TCLU7387841","ctn_size":"20GP","ctn_master":"23","lcl":"F","pre_number":null,"status":"1","operator_id":"39","instruction_id":"4468","overweight":"N","load":null,"cmaster":"CMZ","cargo_weight":null,"sealno":null,"lclo":"\u62fc\u7bb1"}]
Time:2019-04-26 22:21:41
内容:[{"id":"13801","ctnno":"APZU3766977","ctn_size":"20GP","ctn_master":"23","lcl":"F","pre_number":null,"status":"1","operator_id":"39","instruction_id":"4467","overweight":"N","load":null,"cmaster":"CMZ","cargo_weight":null,"sealno":null,"lclo":"\u62fc\u7bb1"}]
