Time:2019-05-05 08:53:06
内容:[{"id":"13979","ctnno":"TGHU0656151","ctn_size":"20GP","ctn_master":"49","lcl":"F","pre_number":null,"status":"1","operator_id":"45","instruction_id":"4536","overweight":"N","load":null,"cmaster":"SNKO","cargo_weight":null,"sealno":null,"lclo":"\u62fc\u7bb1"}]
Time:2019-05-05 10:21:28
内容:[{"id":"13975","ctnno":"CAIU6917088","ctn_size":"20GP","ctn_master":"7","lcl":"F","pre_number":null,"status":"1","operator_id":"45","instruction_id":"4534","overweight":"N","load":null,"cmaster":"MSC","cargo_weight":null,"sealno":null,"lclo":"\u62fc\u7bb1"}]
Time:2019-05-05 13:14:08
内容:[{"id":"13975","ctnno":"CAIU6917088","ctn_size":"20GP","ctn_master":"7","lcl":"F","pre_number":null,"status":"1","operator_id":"45","instruction_id":"4534","overweight":"N","load":null,"cmaster":"MSC","cargo_weight":null,"sealno":null,"lclo":"\u62fc\u7bb1"}]
Time:2019-05-05 13:14:54
内容:[{"id":"13979","ctnno":"TGHU0656151","ctn_size":"20GP","ctn_master":"49","lcl":"F","pre_number":null,"status":"1","operator_id":"45","instruction_id":"4536","overweight":"N","load":null,"cmaster":"SNKO","cargo_weight":"20000","sealno":null,"lclo":"\u62fc\u7bb1"}]
Time:2019-05-05 13:59:50
内容:[{"id":"13992","ctnno":"TRHU2057874","ctn_size":"20GP","ctn_master":"18","lcl":"F","pre_number":"0","status":"1","operator_id":"69","instruction_id":"4545","overweight":"N","load":null,"cmaster":"HMM","cargo_weight":null,"sealno":null,"lclo":"\u62fc\u7bb1"}]
Time:2019-05-05 13:59:50
内容:[{"id":"13992","ctnno":"TRHU2057874","ctn_size":"20GP","ctn_master":"18","lcl":"F","pre_number":"0","status":"1","operator_id":"69","instruction_id":"4545","overweight":"N","load":null,"cmaster":"HMM","cargo_weight":null,"sealno":null,"lclo":"\u62fc\u7bb1"}]
Time:2019-05-05 13:59:51
内容:[{"id":"13992","ctnno":"TRHU2057874","ctn_size":"20GP","ctn_master":"18","lcl":"F","pre_number":"0","status":"1","operator_id":"69","instruction_id":"4545","overweight":"N","load":null,"cmaster":"HMM","cargo_weight":null,"sealno":null,"lclo":"\u62fc\u7bb1"}]
Time:2019-05-05 13:59:51
内容:[{"id":"13992","ctnno":"TRHU2057874","ctn_size":"20GP","ctn_master":"18","lcl":"F","pre_number":"0","status":"1","operator_id":"69","instruction_id":"4545","overweight":"N","load":null,"cmaster":"HMM","cargo_weight":null,"sealno":null,"lclo":"\u62fc\u7bb1"}]
Time:2019-05-05 13:59:51
内容:[{"id":"13992","ctnno":"TRHU2057874","ctn_size":"20GP","ctn_master":"18","lcl":"F","pre_number":"0","status":"1","operator_id":"69","instruction_id":"4545","overweight":"N","load":null,"cmaster":"HMM","cargo_weight":null,"sealno":null,"lclo":"\u62fc\u7bb1"}]
Time:2019-05-05 13:59:51
内容:[{"id":"13992","ctnno":"TRHU2057874","ctn_size":"20GP","ctn_master":"18","lcl":"F","pre_number":"0","status":"1","operator_id":"69","instruction_id":"4545","overweight":"N","load":null,"cmaster":"HMM","cargo_weight":null,"sealno":null,"lclo":"\u62fc\u7bb1"}]
Time:2019-05-05 13:59:51
内容:[{"id":"13992","ctnno":"TRHU2057874","ctn_size":"20GP","ctn_master":"18","lcl":"F","pre_number":"0","status":"1","operator_id":"69","instruction_id":"4545","overweight":"N","load":null,"cmaster":"HMM","cargo_weight":null,"sealno":null,"lclo":"\u62fc\u7bb1"}]
Time:2019-05-05 13:59:52
内容:[{"id":"13992","ctnno":"TRHU2057874","ctn_size":"20GP","ctn_master":"18","lcl":"F","pre_number":"0","status":"1","operator_id":"69","instruction_id":"4545","overweight":"N","load":null,"cmaster":"HMM","cargo_weight":null,"sealno":null,"lclo":"\u62fc\u7bb1"}]
Time:2019-05-05 13:59:52
内容:[{"id":"13992","ctnno":"TRHU2057874","ctn_size":"20GP","ctn_master":"18","lcl":"F","pre_number":"0","status":"1","operator_id":"69","instruction_id":"4545","overweight":"N","load":null,"cmaster":"HMM","cargo_weight":null,"sealno":null,"lclo":"\u62fc\u7bb1"}]
Time:2019-05-05 13:59:52
内容:[{"id":"13992","ctnno":"TRHU2057874","ctn_size":"20GP","ctn_master":"18","lcl":"F","pre_number":"0","status":"1","operator_id":"69","instruction_id":"4545","overweight":"N","load":null,"cmaster":"HMM","cargo_weight":null,"sealno":null,"lclo":"\u62fc\u7bb1"}]
Time:2019-05-05 13:59:52
内容:[{"id":"13992","ctnno":"TRHU2057874","ctn_size":"20GP","ctn_master":"18","lcl":"F","pre_number":"0","status":"1","operator_id":"69","instruction_id":"4545","overweight":"N","load":null,"cmaster":"HMM","cargo_weight":null,"sealno":null,"lclo":"\u62fc\u7bb1"}]
Time:2019-05-05 13:59:53
内容:[{"id":"13992","ctnno":"TRHU2057874","ctn_size":"20GP","ctn_master":"18","lcl":"F","pre_number":"0","status":"1","operator_id":"69","instruction_id":"4545","overweight":"N","load":null,"cmaster":"HMM","cargo_weight":null,"sealno":null,"lclo":"\u62fc\u7bb1"}]
Time:2019-05-05 13:59:53
内容:[{"id":"13992","ctnno":"TRHU2057874","ctn_size":"20GP","ctn_master":"18","lcl":"F","pre_number":"0","status":"1","operator_id":"69","instruction_id":"4545","overweight":"N","load":null,"cmaster":"HMM","cargo_weight":null,"sealno":null,"lclo":"\u62fc\u7bb1"}]
Time:2019-05-05 13:59:53
内容:[{"id":"13992","ctnno":"TRHU2057874","ctn_size":"20GP","ctn_master":"18","lcl":"F","pre_number":"0","status":"1","operator_id":"69","instruction_id":"4545","overweight":"N","load":null,"cmaster":"HMM","cargo_weight":null,"sealno":null,"lclo":"\u62fc\u7bb1"}]
Time:2019-05-05 14:12:17
内容:[{"id":"13975","ctnno":"CAIU6917088","ctn_size":"20GP","ctn_master":"7","lcl":"F","pre_number":null,"status":"1","operator_id":"45","instruction_id":"4534","overweight":"N","load":null,"cmaster":"MSC","cargo_weight":null,"sealno":null,"lclo":"\u62fc\u7bb1"}]
Time:2019-05-05 14:45:35
内容:[{"id":"13975","ctnno":"CAIU6917088","ctn_size":"20GP","ctn_master":"7","lcl":"F","pre_number":null,"status":"1","operator_id":"45","instruction_id":"4534","overweight":"N","load":null,"cmaster":"MSC","cargo_weight":"20000","sealno":null,"lclo":"\u62fc\u7bb1"}]
Time:2019-05-05 15:12:27
内容:[{"id":"13992","ctnno":"TRHU2057874","ctn_size":"20GP","ctn_master":"18","lcl":"F","pre_number":"0","status":"1","operator_id":"69","instruction_id":"4545","overweight":"N","load":null,"cmaster":"HMM","cargo_weight":null,"sealno":null,"lclo":"\u62fc\u7bb1"}]
Time:2019-05-05 15:59:39
内容:[{"id":"13967","ctnno":"BEAU2029382","ctn_size":"20GP","ctn_master":"23","lcl":"F","pre_number":"0","status":"1","operator_id":"45","instruction_id":"4531","overweight":"N","load":null,"cmaster":"CMZ","cargo_weight":null,"sealno":null,"lclo":"\u62fc\u7bb1"}]
Time:2019-05-05 15:59:57
内容:[{"id":"13968","ctnno":"CMAU0400629","ctn_size":"20GP","ctn_master":"23","lcl":"F","pre_number":"0","status":"1","operator_id":"45","instruction_id":"4531","overweight":"N","load":null,"cmaster":"CMZ","cargo_weight":null,"sealno":null,"lclo":"\u62fc\u7bb1"}]
Time:2019-05-05 16:00:03
内容:[{"id":"13969","ctnno":"CMAU1763892","ctn_size":"20GP","ctn_master":"23","lcl":"F","pre_number":"0","status":"1","operator_id":"45","instruction_id":"4531","overweight":"N","load":null,"cmaster":"CMZ","cargo_weight":null,"sealno":null,"lclo":"\u62fc\u7bb1"}]
Time:2019-05-05 16:00:05
内容:[{"id":"13970","ctnno":"FCIU6167417","ctn_size":"20GP","ctn_master":"23","lcl":"F","pre_number":"0","status":"1","operator_id":"45","instruction_id":"4531","overweight":"N","load":null,"cmaster":"CMZ","cargo_weight":null,"sealno":null,"lclo":"\u62fc\u7bb1"}]
Time:2019-05-05 16:00:08
内容:[{"id":"13971","ctnno":"CAXU6954669","ctn_size":"20GP","ctn_master":"23","lcl":"F","pre_number":"0","status":"1","operator_id":"45","instruction_id":"4531","overweight":"N","load":null,"cmaster":"CMZ","cargo_weight":null,"sealno":null,"lclo":"\u62fc\u7bb1"}]
Time:2019-05-05 16:26:36
内容:[{"id":"13969","ctnno":"CMAU1763892","ctn_size":"20GP","ctn_master":"23","lcl":"F","pre_number":"0","status":"1","operator_id":"45","instruction_id":"4531","overweight":"N","load":null,"cmaster":"CMZ","cargo_weight":null,"sealno":null,"lclo":"\u62fc\u7bb1"}]
Time:2019-05-05 16:27:48
内容:[{"id":"13969","ctnno":"CMAU1763892","ctn_size":"20GP","ctn_master":"23","lcl":"F","pre_number":"0","status":"1","operator_id":"45","instruction_id":"4531","overweight":"N","load":null,"cmaster":"CMZ","cargo_weight":null,"sealno":null,"lclo":"\u62fc\u7bb1"}]
Time:2019-05-05 16:36:35
内容:[{"id":"13969","ctnno":"CMAU1763892","ctn_size":"20GP","ctn_master":"23","lcl":"F","pre_number":"0","status":"1","operator_id":"45","instruction_id":"4531","overweight":"N","load":null,"cmaster":"CMZ","cargo_weight":null,"sealno":null,"lclo":"\u62fc\u7bb1"}]
Time:2019-05-05 17:08:52
内容:[{"id":"13971","ctnno":"CAXU6954669","ctn_size":"20GP","ctn_master":"23","lcl":"F","pre_number":"0","status":"1","operator_id":"45","instruction_id":"4531","overweight":"N","load":null,"cmaster":"CMZ","cargo_weight":null,"sealno":null,"lclo":"\u62fc\u7bb1"}]
Time:2019-05-05 17:25:36
内容:[{"id":"13993","ctnno":"TGBU2377386","ctn_size":"20GP","ctn_master":"3","lcl":"F","pre_number":"0","status":"1","operator_id":"45","instruction_id":"4543","overweight":"N","load":null,"cmaster":"COSCO","cargo_weight":null,"sealno":null,"lclo":"\u62fc\u7bb1"}]
