Time:2019-04-23 10:36:07
内容:[{"id":"13678","ctnno":"MSKU5014018","ctn_size":"20GP","ctn_master":"1","lcl":"F","pre_number":"0","status":"1","operator_id":"69","instruction_id":"4429","overweight":"N","load":null,"cmaster":"\u9a6c\u58eb\u57fa","cargo_weight":null,"sealno":null,"lclo":"\u62fc\u7bb1"}]
Time:2019-04-23 14:07:53
内容:[{"id":"13723","ctnno":"BMOU5259151","ctn_size":"40HC","ctn_master":"4","lcl":"F","pre_number":"0","status":"1","operator_id":"53","instruction_id":"4441","overweight":"N","load":null,"cmaster":"\u592a\u5e73","cargo_weight":null,"sealno":null,"lclo":"\u62fc\u7bb1"}]
Time:2019-04-23 14:19:05
内容:[{"id":"13705","ctnno":"TELU2036540","ctn_size":"20GP","ctn_master":"41","lcl":"F","pre_number":null,"status":"1","operator_id":"53","instruction_id":"4434","overweight":"N","load":null,"cmaster":"ATL","cargo_weight":"0","sealno":null,"lclo":"\u62fc\u7bb1"}]
Time:2019-04-23 14:19:10
内容:[{"id":"13705","ctnno":"TELU2036540","ctn_size":"20GP","ctn_master":"41","lcl":"F","pre_number":null,"status":"1","operator_id":"53","instruction_id":"4434","overweight":"N","load":null,"cmaster":"ATL","cargo_weight":"0","sealno":null,"lclo":"\u62fc\u7bb1"}]
Time:2019-04-23 14:19:48
内容:[{"id":"13704","ctnno":"UETU2036051","ctn_size":"20GP","ctn_master":"41","lcl":"F","pre_number":null,"status":"1","operator_id":"53","instruction_id":"4434","overweight":"N","load":null,"cmaster":"ATL","cargo_weight":"0","sealno":null,"lclo":"\u62fc\u7bb1"}]
Time:2019-04-23 14:20:42
内容:[{"id":"13707","ctnno":"CAIU3722210","ctn_size":"20GP","ctn_master":"41","lcl":"F","pre_number":null,"status":"1","operator_id":"53","instruction_id":"4434","overweight":"N","load":null,"cmaster":"ATL","cargo_weight":"0","sealno":null,"lclo":"\u62fc\u7bb1"}]
Time:2019-04-23 14:25:22
内容:[{"id":"13678","ctnno":"MSKU5014018","ctn_size":"20GP","ctn_master":"1","lcl":"F","pre_number":"0","status":"1","operator_id":"69","instruction_id":"4429","overweight":"N","load":null,"cmaster":"\u9a6c\u58eb\u57fa","cargo_weight":null,"sealno":null,"lclo":"\u62fc\u7bb1"}]
Time:2019-04-23 14:25:23
内容:[{"id":"13678","ctnno":"MSKU5014018","ctn_size":"20GP","ctn_master":"1","lcl":"F","pre_number":"0","status":"1","operator_id":"69","instruction_id":"4429","overweight":"N","load":null,"cmaster":"\u9a6c\u58eb\u57fa","cargo_weight":null,"sealno":null,"lclo":"\u62fc\u7bb1"}]
Time:2019-04-23 14:25:25
内容:[{"id":"13678","ctnno":"MSKU5014018","ctn_size":"20GP","ctn_master":"1","lcl":"F","pre_number":"0","status":"1","operator_id":"69","instruction_id":"4429","overweight":"N","load":null,"cmaster":"\u9a6c\u58eb\u57fa","cargo_weight":null,"sealno":null,"lclo":"\u62fc\u7bb1"}]
Time:2019-04-23 14:25:40
内容:[{"id":"13678","ctnno":"MSKU5014018","ctn_size":"20GP","ctn_master":"1","lcl":"F","pre_number":"0","status":"1","operator_id":"69","instruction_id":"4429","overweight":"N","load":null,"cmaster":"\u9a6c\u58eb\u57fa","cargo_weight":null,"sealno":null,"lclo":"\u62fc\u7bb1"}]
Time:2019-04-23 14:25:41
内容:[{"id":"13678","ctnno":"MSKU5014018","ctn_size":"20GP","ctn_master":"1","lcl":"F","pre_number":"0","status":"1","operator_id":"69","instruction_id":"4429","overweight":"N","load":null,"cmaster":"\u9a6c\u58eb\u57fa","cargo_weight":null,"sealno":null,"lclo":"\u62fc\u7bb1"}]
Time:2019-04-23 14:25:42
内容:[{"id":"13678","ctnno":"MSKU5014018","ctn_size":"20GP","ctn_master":"1","lcl":"F","pre_number":"0","status":"1","operator_id":"69","instruction_id":"4429","overweight":"N","load":null,"cmaster":"\u9a6c\u58eb\u57fa","cargo_weight":null,"sealno":null,"lclo":"\u62fc\u7bb1"}]
Time:2019-04-23 14:25:42
内容:[{"id":"13678","ctnno":"MSKU5014018","ctn_size":"20GP","ctn_master":"1","lcl":"F","pre_number":"0","status":"1","operator_id":"69","instruction_id":"4429","overweight":"N","load":null,"cmaster":"\u9a6c\u58eb\u57fa","cargo_weight":null,"sealno":null,"lclo":"\u62fc\u7bb1"}]
Time:2019-04-23 14:25:42
内容:[{"id":"13678","ctnno":"MSKU5014018","ctn_size":"20GP","ctn_master":"1","lcl":"F","pre_number":"0","status":"1","operator_id":"69","instruction_id":"4429","overweight":"N","load":null,"cmaster":"\u9a6c\u58eb\u57fa","cargo_weight":null,"sealno":null,"lclo":"\u62fc\u7bb1"}]
Time:2019-04-23 14:25:43
内容:[{"id":"13678","ctnno":"MSKU5014018","ctn_size":"20GP","ctn_master":"1","lcl":"F","pre_number":"0","status":"1","operator_id":"69","instruction_id":"4429","overweight":"N","load":null,"cmaster":"\u9a6c\u58eb\u57fa","cargo_weight":null,"sealno":null,"lclo":"\u62fc\u7bb1"}]
Time:2019-04-23 14:25:43
内容:[{"id":"13678","ctnno":"MSKU5014018","ctn_size":"20GP","ctn_master":"1","lcl":"F","pre_number":"0","status":"1","operator_id":"69","instruction_id":"4429","overweight":"N","load":null,"cmaster":"\u9a6c\u58eb\u57fa","cargo_weight":null,"sealno":null,"lclo":"\u62fc\u7bb1"}]
Time:2019-04-23 14:25:43
内容:[{"id":"13678","ctnno":"MSKU5014018","ctn_size":"20GP","ctn_master":"1","lcl":"F","pre_number":"0","status":"1","operator_id":"69","instruction_id":"4429","overweight":"N","load":null,"cmaster":"\u9a6c\u58eb\u57fa","cargo_weight":null,"sealno":null,"lclo":"\u62fc\u7bb1"}]
Time:2019-04-23 14:25:44
内容:[{"id":"13678","ctnno":"MSKU5014018","ctn_size":"20GP","ctn_master":"1","lcl":"F","pre_number":"0","status":"1","operator_id":"69","instruction_id":"4429","overweight":"N","load":null,"cmaster":"\u9a6c\u58eb\u57fa","cargo_weight":null,"sealno":null,"lclo":"\u62fc\u7bb1"}]
Time:2019-04-23 14:25:46
内容:[{"id":"13678","ctnno":"MSKU5014018","ctn_size":"20GP","ctn_master":"1","lcl":"F","pre_number":"0","status":"1","operator_id":"69","instruction_id":"4429","overweight":"N","load":null,"cmaster":"\u9a6c\u58eb\u57fa","cargo_weight":null,"sealno":null,"lclo":"\u62fc\u7bb1"}]
Time:2019-04-23 14:30:52
内容:[{"id":"13678","ctnno":"MSKU5014018","ctn_size":"20GP","ctn_master":"1","lcl":"F","pre_number":"0","status":"1","operator_id":"69","instruction_id":"4429","overweight":"N","load":null,"cmaster":"\u9a6c\u58eb\u57fa","cargo_weight":null,"sealno":null,"lclo":"\u62fc\u7bb1"}]
Time:2019-04-23 14:30:52
内容:[{"id":"13678","ctnno":"MSKU5014018","ctn_size":"20GP","ctn_master":"1","lcl":"F","pre_number":"0","status":"1","operator_id":"69","instruction_id":"4429","overweight":"N","load":null,"cmaster":"\u9a6c\u58eb\u57fa","cargo_weight":null,"sealno":null,"lclo":"\u62fc\u7bb1"}]
Time:2019-04-23 14:30:53
内容:[{"id":"13678","ctnno":"MSKU5014018","ctn_size":"20GP","ctn_master":"1","lcl":"F","pre_number":"0","status":"1","operator_id":"69","instruction_id":"4429","overweight":"N","load":null,"cmaster":"\u9a6c\u58eb\u57fa","cargo_weight":null,"sealno":null,"lclo":"\u62fc\u7bb1"}]
Time:2019-04-23 14:30:54
内容:[{"id":"13678","ctnno":"MSKU5014018","ctn_size":"20GP","ctn_master":"1","lcl":"F","pre_number":"0","status":"1","operator_id":"69","instruction_id":"4429","overweight":"N","load":null,"cmaster":"\u9a6c\u58eb\u57fa","cargo_weight":null,"sealno":null,"lclo":"\u62fc\u7bb1"}]
Time:2019-04-23 14:30:55
内容:[{"id":"13678","ctnno":"MSKU5014018","ctn_size":"20GP","ctn_master":"1","lcl":"F","pre_number":"0","status":"1","operator_id":"69","instruction_id":"4429","overweight":"N","load":null,"cmaster":"\u9a6c\u58eb\u57fa","cargo_weight":null,"sealno":null,"lclo":"\u62fc\u7bb1"}]
Time:2019-04-23 14:30:55
内容:[{"id":"13678","ctnno":"MSKU5014018","ctn_size":"20GP","ctn_master":"1","lcl":"F","pre_number":"0","status":"1","operator_id":"69","instruction_id":"4429","overweight":"N","load":null,"cmaster":"\u9a6c\u58eb\u57fa","cargo_weight":null,"sealno":null,"lclo":"\u62fc\u7bb1"}]
Time:2019-04-23 14:30:55
内容:[{"id":"13678","ctnno":"MSKU5014018","ctn_size":"20GP","ctn_master":"1","lcl":"F","pre_number":"0","status":"1","operator_id":"69","instruction_id":"4429","overweight":"N","load":null,"cmaster":"\u9a6c\u58eb\u57fa","cargo_weight":null,"sealno":null,"lclo":"\u62fc\u7bb1"}]
Time:2019-04-23 14:30:55
内容:[{"id":"13678","ctnno":"MSKU5014018","ctn_size":"20GP","ctn_master":"1","lcl":"F","pre_number":"0","status":"1","operator_id":"69","instruction_id":"4429","overweight":"N","load":null,"cmaster":"\u9a6c\u58eb\u57fa","cargo_weight":null,"sealno":null,"lclo":"\u62fc\u7bb1"}]
Time:2019-04-23 14:30:56
内容:[{"id":"13678","ctnno":"MSKU5014018","ctn_size":"20GP","ctn_master":"1","lcl":"F","pre_number":"0","status":"1","operator_id":"69","instruction_id":"4429","overweight":"N","load":null,"cmaster":"\u9a6c\u58eb\u57fa","cargo_weight":null,"sealno":null,"lclo":"\u62fc\u7bb1"}]
Time:2019-04-23 14:30:56
内容:[{"id":"13678","ctnno":"MSKU5014018","ctn_size":"20GP","ctn_master":"1","lcl":"F","pre_number":"0","status":"1","operator_id":"69","instruction_id":"4429","overweight":"N","load":null,"cmaster":"\u9a6c\u58eb\u57fa","cargo_weight":null,"sealno":null,"lclo":"\u62fc\u7bb1"}]
Time:2019-04-23 14:30:56
内容:[{"id":"13678","ctnno":"MSKU5014018","ctn_size":"20GP","ctn_master":"1","lcl":"F","pre_number":"0","status":"1","operator_id":"69","instruction_id":"4429","overweight":"N","load":null,"cmaster":"\u9a6c\u58eb\u57fa","cargo_weight":null,"sealno":null,"lclo":"\u62fc\u7bb1"}]
Time:2019-04-23 14:30:56
内容:[{"id":"13678","ctnno":"MSKU5014018","ctn_size":"20GP","ctn_master":"1","lcl":"F","pre_number":"0","status":"1","operator_id":"69","instruction_id":"4429","overweight":"N","load":null,"cmaster":"\u9a6c\u58eb\u57fa","cargo_weight":null,"sealno":null,"lclo":"\u62fc\u7bb1"}]
Time:2019-04-23 14:30:57
内容:[{"id":"13678","ctnno":"MSKU5014018","ctn_size":"20GP","ctn_master":"1","lcl":"F","pre_number":"0","status":"1","operator_id":"69","instruction_id":"4429","overweight":"N","load":null,"cmaster":"\u9a6c\u58eb\u57fa","cargo_weight":null,"sealno":null,"lclo":"\u62fc\u7bb1"}]
Time:2019-04-23 14:30:57
内容:[{"id":"13678","ctnno":"MSKU5014018","ctn_size":"20GP","ctn_master":"1","lcl":"F","pre_number":"0","status":"1","operator_id":"69","instruction_id":"4429","overweight":"N","load":null,"cmaster":"\u9a6c\u58eb\u57fa","cargo_weight":null,"sealno":null,"lclo":"\u62fc\u7bb1"}]
Time:2019-04-23 14:30:57
内容:[{"id":"13678","ctnno":"MSKU5014018","ctn_size":"20GP","ctn_master":"1","lcl":"F","pre_number":"0","status":"1","operator_id":"69","instruction_id":"4429","overweight":"N","load":null,"cmaster":"\u9a6c\u58eb\u57fa","cargo_weight":null,"sealno":null,"lclo":"\u62fc\u7bb1"}]
Time:2019-04-23 14:30:58
内容:[{"id":"13678","ctnno":"MSKU5014018","ctn_size":"20GP","ctn_master":"1","lcl":"F","pre_number":"0","status":"1","operator_id":"69","instruction_id":"4429","overweight":"N","load":null,"cmaster":"\u9a6c\u58eb\u57fa","cargo_weight":null,"sealno":null,"lclo":"\u62fc\u7bb1"}]
Time:2019-04-23 14:30:58
内容:[{"id":"13678","ctnno":"MSKU5014018","ctn_size":"20GP","ctn_master":"1","lcl":"F","pre_number":"0","status":"1","operator_id":"69","instruction_id":"4429","overweight":"N","load":null,"cmaster":"\u9a6c\u58eb\u57fa","cargo_weight":null,"sealno":null,"lclo":"\u62fc\u7bb1"}]
Time:2019-04-23 14:30:59
内容:[{"id":"13678","ctnno":"MSKU5014018","ctn_size":"20GP","ctn_master":"1","lcl":"F","pre_number":"0","status":"1","operator_id":"69","instruction_id":"4429","overweight":"N","load":null,"cmaster":"\u9a6c\u58eb\u57fa","cargo_weight":null,"sealno":null,"lclo":"\u62fc\u7bb1"}]
Time:2019-04-23 14:30:59
内容:[{"id":"13678","ctnno":"MSKU5014018","ctn_size":"20GP","ctn_master":"1","lcl":"F","pre_number":"0","status":"1","operator_id":"69","instruction_id":"4429","overweight":"N","load":null,"cmaster":"\u9a6c\u58eb\u57fa","cargo_weight":null,"sealno":null,"lclo":"\u62fc\u7bb1"}]
Time:2019-04-23 14:30:59
内容:[{"id":"13678","ctnno":"MSKU5014018","ctn_size":"20GP","ctn_master":"1","lcl":"F","pre_number":"0","status":"1","operator_id":"69","instruction_id":"4429","overweight":"N","load":null,"cmaster":"\u9a6c\u58eb\u57fa","cargo_weight":null,"sealno":null,"lclo":"\u62fc\u7bb1"}]
Time:2019-04-23 14:30:59
内容:[{"id":"13678","ctnno":"MSKU5014018","ctn_size":"20GP","ctn_master":"1","lcl":"F","pre_number":"0","status":"1","operator_id":"69","instruction_id":"4429","overweight":"N","load":null,"cmaster":"\u9a6c\u58eb\u57fa","cargo_weight":null,"sealno":null,"lclo":"\u62fc\u7bb1"}]
Time:2019-04-23 14:31:00
内容:[{"id":"13678","ctnno":"MSKU5014018","ctn_size":"20GP","ctn_master":"1","lcl":"F","pre_number":"0","status":"1","operator_id":"69","instruction_id":"4429","overweight":"N","load":null,"cmaster":"\u9a6c\u58eb\u57fa","cargo_weight":null,"sealno":null,"lclo":"\u62fc\u7bb1"}]
Time:2019-04-23 14:31:00
内容:[{"id":"13678","ctnno":"MSKU5014018","ctn_size":"20GP","ctn_master":"1","lcl":"F","pre_number":"0","status":"1","operator_id":"69","instruction_id":"4429","overweight":"N","load":null,"cmaster":"\u9a6c\u58eb\u57fa","cargo_weight":null,"sealno":null,"lclo":"\u62fc\u7bb1"}]
Time:2019-04-23 14:31:01
内容:[{"id":"13678","ctnno":"MSKU5014018","ctn_size":"20GP","ctn_master":"1","lcl":"F","pre_number":"0","status":"1","operator_id":"69","instruction_id":"4429","overweight":"N","load":null,"cmaster":"\u9a6c\u58eb\u57fa","cargo_weight":null,"sealno":null,"lclo":"\u62fc\u7bb1"}]
Time:2019-04-23 14:31:01
内容:[{"id":"13678","ctnno":"MSKU5014018","ctn_size":"20GP","ctn_master":"1","lcl":"F","pre_number":"0","status":"1","operator_id":"69","instruction_id":"4429","overweight":"N","load":null,"cmaster":"\u9a6c\u58eb\u57fa","cargo_weight":null,"sealno":null,"lclo":"\u62fc\u7bb1"}]
Time:2019-04-23 14:31:01
内容:[{"id":"13678","ctnno":"MSKU5014018","ctn_size":"20GP","ctn_master":"1","lcl":"F","pre_number":"0","status":"1","operator_id":"69","instruction_id":"4429","overweight":"N","load":null,"cmaster":"\u9a6c\u58eb\u57fa","cargo_weight":null,"sealno":null,"lclo":"\u62fc\u7bb1"}]
Time:2019-04-23 14:31:02
内容:[{"id":"13678","ctnno":"MSKU5014018","ctn_size":"20GP","ctn_master":"1","lcl":"F","pre_number":"0","status":"1","operator_id":"69","instruction_id":"4429","overweight":"N","load":null,"cmaster":"\u9a6c\u58eb\u57fa","cargo_weight":null,"sealno":null,"lclo":"\u62fc\u7bb1"}]
Time:2019-04-23 14:31:02
内容:[{"id":"13678","ctnno":"MSKU5014018","ctn_size":"20GP","ctn_master":"1","lcl":"F","pre_number":"0","status":"1","operator_id":"69","instruction_id":"4429","overweight":"N","load":null,"cmaster":"\u9a6c\u58eb\u57fa","cargo_weight":null,"sealno":null,"lclo":"\u62fc\u7bb1"}]
Time:2019-04-23 14:31:03
内容:[{"id":"13678","ctnno":"MSKU5014018","ctn_size":"20GP","ctn_master":"1","lcl":"F","pre_number":"0","status":"1","operator_id":"69","instruction_id":"4429","overweight":"N","load":null,"cmaster":"\u9a6c\u58eb\u57fa","cargo_weight":null,"sealno":null,"lclo":"\u62fc\u7bb1"}]
Time:2019-04-23 14:31:03
内容:[{"id":"13678","ctnno":"MSKU5014018","ctn_size":"20GP","ctn_master":"1","lcl":"F","pre_number":"0","status":"1","operator_id":"69","instruction_id":"4429","overweight":"N","load":null,"cmaster":"\u9a6c\u58eb\u57fa","cargo_weight":null,"sealno":null,"lclo":"\u62fc\u7bb1"}]
Time:2019-04-23 14:31:04
内容:[{"id":"13678","ctnno":"MSKU5014018","ctn_size":"20GP","ctn_master":"1","lcl":"F","pre_number":"0","status":"1","operator_id":"69","instruction_id":"4429","overweight":"N","load":null,"cmaster":"\u9a6c\u58eb\u57fa","cargo_weight":null,"sealno":null,"lclo":"\u62fc\u7bb1"}]
Time:2019-04-23 14:31:04
内容:[{"id":"13678","ctnno":"MSKU5014018","ctn_size":"20GP","ctn_master":"1","lcl":"F","pre_number":"0","status":"1","operator_id":"69","instruction_id":"4429","overweight":"N","load":null,"cmaster":"\u9a6c\u58eb\u57fa","cargo_weight":null,"sealno":null,"lclo":"\u62fc\u7bb1"}]
Time:2019-04-23 14:31:04
内容:[{"id":"13678","ctnno":"MSKU5014018","ctn_size":"20GP","ctn_master":"1","lcl":"F","pre_number":"0","status":"1","operator_id":"69","instruction_id":"4429","overweight":"N","load":null,"cmaster":"\u9a6c\u58eb\u57fa","cargo_weight":null,"sealno":null,"lclo":"\u62fc\u7bb1"}]
Time:2019-04-23 14:31:06
内容:[{"id":"13678","ctnno":"MSKU5014018","ctn_size":"20GP","ctn_master":"1","lcl":"F","pre_number":"0","status":"1","operator_id":"69","instruction_id":"4429","overweight":"N","load":null,"cmaster":"\u9a6c\u58eb\u57fa","cargo_weight":null,"sealno":null,"lclo":"\u62fc\u7bb1"}]
Time:2019-04-23 14:31:06
内容:[{"id":"13678","ctnno":"MSKU5014018","ctn_size":"20GP","ctn_master":"1","lcl":"F","pre_number":"0","status":"1","operator_id":"69","instruction_id":"4429","overweight":"N","load":null,"cmaster":"\u9a6c\u58eb\u57fa","cargo_weight":null,"sealno":null,"lclo":"\u62fc\u7bb1"}]
Time:2019-04-23 14:31:32
内容:[{"id":"13678","ctnno":"MSKU5014018","ctn_size":"20GP","ctn_master":"1","lcl":"F","pre_number":"0","status":"1","operator_id":"69","instruction_id":"4429","overweight":"N","load":null,"cmaster":"\u9a6c\u58eb\u57fa","cargo_weight":null,"sealno":null,"lclo":"\u62fc\u7bb1"}]
Time:2019-04-23 14:31:32
内容:[{"id":"13678","ctnno":"MSKU5014018","ctn_size":"20GP","ctn_master":"1","lcl":"F","pre_number":"0","status":"1","operator_id":"69","instruction_id":"4429","overweight":"N","load":null,"cmaster":"\u9a6c\u58eb\u57fa","cargo_weight":null,"sealno":null,"lclo":"\u62fc\u7bb1"}]
Time:2019-04-23 14:31:33
内容:[{"id":"13678","ctnno":"MSKU5014018","ctn_size":"20GP","ctn_master":"1","lcl":"F","pre_number":"0","status":"1","operator_id":"69","instruction_id":"4429","overweight":"N","load":null,"cmaster":"\u9a6c\u58eb\u57fa","cargo_weight":null,"sealno":null,"lclo":"\u62fc\u7bb1"}]
Time:2019-04-23 14:31:33
内容:[{"id":"13678","ctnno":"MSKU5014018","ctn_size":"20GP","ctn_master":"1","lcl":"F","pre_number":"0","status":"1","operator_id":"69","instruction_id":"4429","overweight":"N","load":null,"cmaster":"\u9a6c\u58eb\u57fa","cargo_weight":null,"sealno":null,"lclo":"\u62fc\u7bb1"}]
Time:2019-04-23 14:31:35
内容:[{"id":"13678","ctnno":"MSKU5014018","ctn_size":"20GP","ctn_master":"1","lcl":"F","pre_number":"0","status":"1","operator_id":"69","instruction_id":"4429","overweight":"N","load":null,"cmaster":"\u9a6c\u58eb\u57fa","cargo_weight":null,"sealno":null,"lclo":"\u62fc\u7bb1"}]
Time:2019-04-23 14:31:35
内容:[{"id":"13678","ctnno":"MSKU5014018","ctn_size":"20GP","ctn_master":"1","lcl":"F","pre_number":"0","status":"1","operator_id":"69","instruction_id":"4429","overweight":"N","load":null,"cmaster":"\u9a6c\u58eb\u57fa","cargo_weight":null,"sealno":null,"lclo":"\u62fc\u7bb1"}]
Time:2019-04-23 14:32:47
内容:[{"id":"13678","ctnno":"MSKU5014018","ctn_size":"20GP","ctn_master":"1","lcl":"F","pre_number":"0","status":"1","operator_id":"69","instruction_id":"4429","overweight":"N","load":null,"cmaster":"\u9a6c\u58eb\u57fa","cargo_weight":null,"sealno":null,"lclo":"\u62fc\u7bb1"}]
Time:2019-04-23 14:32:47
内容:[{"id":"13678","ctnno":"MSKU5014018","ctn_size":"20GP","ctn_master":"1","lcl":"F","pre_number":"0","status":"1","operator_id":"69","instruction_id":"4429","overweight":"N","load":null,"cmaster":"\u9a6c\u58eb\u57fa","cargo_weight":null,"sealno":null,"lclo":"\u62fc\u7bb1"}]
Time:2019-04-23 14:32:47
内容:[{"id":"13678","ctnno":"MSKU5014018","ctn_size":"20GP","ctn_master":"1","lcl":"F","pre_number":"0","status":"1","operator_id":"69","instruction_id":"4429","overweight":"N","load":null,"cmaster":"\u9a6c\u58eb\u57fa","cargo_weight":null,"sealno":null,"lclo":"\u62fc\u7bb1"}]
Time:2019-04-23 14:32:48
内容:[{"id":"13678","ctnno":"MSKU5014018","ctn_size":"20GP","ctn_master":"1","lcl":"F","pre_number":"0","status":"1","operator_id":"69","instruction_id":"4429","overweight":"N","load":null,"cmaster":"\u9a6c\u58eb\u57fa","cargo_weight":null,"sealno":null,"lclo":"\u62fc\u7bb1"}]
Time:2019-04-23 14:32:48
内容:[{"id":"13678","ctnno":"MSKU5014018","ctn_size":"20GP","ctn_master":"1","lcl":"F","pre_number":"0","status":"1","operator_id":"69","instruction_id":"4429","overweight":"N","load":null,"cmaster":"\u9a6c\u58eb\u57fa","cargo_weight":null,"sealno":null,"lclo":"\u62fc\u7bb1"}]
Time:2019-04-23 15:10:26
内容:[{"id":"13724","ctnno":"PCIU2704204","ctn_size":"20GP","ctn_master":"4","lcl":"F","pre_number":"0","status":"1","operator_id":"53","instruction_id":"4441","overweight":"N","load":null,"cmaster":"\u592a\u5e73","cargo_weight":null,"sealno":null,"lclo":"\u62fc\u7bb1"}]
Time:2019-04-23 17:26:06
内容:[{"id":"13726","ctnno":"CSLU2108234","ctn_size":"20GP","ctn_master":"3","lcl":"F","pre_number":"0","status":"1","operator_id":"59","instruction_id":"4442","overweight":"N","load":null,"cmaster":"COSCO","cargo_weight":null,"sealno":null,"lclo":"\u62fc\u7bb1"}]
